<?xml version="1.0" encoding="UTF-8"?>
<testng-results skipped="0" failed="0" total="1" passed="1">
  <reporter-output>
  </reporter-output>
  <suite name="Suite" duration-ms="22487" started-at="2018-01-03T09:11:42Z" finished-at="2018-01-03T09:12:05Z">
    <groups>
    </groups>
    <test name="Test" duration-ms="22487" started-at="2018-01-03T09:11:42Z" finished-at="2018-01-03T09:12:05Z">
      <class name="genesis.NewTest">
        <test-method status="PASS" signature="testgooglrsearch()[pri:0, instance:genesis.NewTest@4cc0edeb]" name="testgooglrsearch" duration-ms="22389" started-at="2018-01-03T09:11:42Z" finished-at="2018-01-03T09:12:05Z">
          <reporter-output>
          </reporter-output>
        </test-method> <!-- testgooglrsearch -->
      </class> <!-- genesis.NewTest -->
    </test> <!-- Test -->
  </suite> <!-- Suite -->
</testng-results>
